<?xml version="1.0" encoding="UTF-8"?>
<!-- Generated by org.testng.reporters.JUnitReportReporter -->
<testsuite skipped="26" hostname="DESKTOP-R4GCUPT" name="selenium.TestLeafApplication" tests="31" failures="0" timestamp="2020-04-26T03:20:47 IST" time="29.949" errors="0">
  <testcase name="verifyWaitForAlertPage" time="12.657" classname="selenium.TestLeafApplication"/>
  <system-out/>
  <testcase name="verifyWaitForAlertPage" time="4.427" classname="selenium.TestLeafApplication"/>
  <system-out/>
  <testcase name="verifyWaitForAlertPage" time="4.285" classname="selenium.TestLeafApplication"/>
  <system-out/>
  <testcase name="verifyWaitForAlertPage" time="4.352" classname="selenium.TestLeafApplication"/>
  <system-out/>
  <testcase name="verifyWaitForAlertPage" time="4.228" classname="selenium.TestLeafApplication"/>
  <system-out/>
  <testcase name="verifyAutoCompletePage" classname="selenium.TestLeafApplication">
    <skipped/>
  </testcase> <!-- verifyAutoCompletePage -->
  <system-out/>
  <testcase name="verifyEdit" classname="selenium.TestLeafApplication">
    <skipped/>
  </testcase> <!-- verifyEdit -->
  <system-out/>
  <testcase name="verifyAdvanceWebTablePage" classname="selenium.TestLeafApplication">
    <skipped/>
  </testcase> <!-- verifyAdvanceWebTablePage -->
  <system-out/>
  <testcase name="verifyCalendarPage" classname="selenium.TestLeafApplication">
    <skipped/>
  </testcase> <!-- verifyCalendarPage -->
  <system-out/>
  <testcase name="verifyDownLoadFilesPage" classname="selenium.TestLeafApplication">
    <skipped/>
  </testcase> <!-- verifyDownLoadFilesPage -->
  <system-out/>
  <testcase name="verifyLinks" classname="selenium.TestLeafApplication">
    <skipped/>
  </testcase> <!-- verifyLinks -->
  <system-out/>
  <testcase name="verifyUploadFilesPage" classname="selenium.TestLeafApplication">
    <skipped/>
  </testcase> <!-- verifyUploadFilesPage -->
  <system-out/>
  <testcase name="verifyCheckBoxPage" classname="selenium.TestLeafApplication">
    <skipped/>
  </testcase> <!-- verifyCheckBoxPage -->
  <system-out/>
  <testcase name="verifyImagePage" classname="selenium.TestLeafApplication">
    <skipped/>
  </testcase> <!-- verifyImagePage -->
  <system-out/>
  <testcase name="verifyDroppablePage" classname="selenium.TestLeafApplication">
    <skipped/>
  </testcase> <!-- verifyDroppablePage -->
  <system-out/>
  <testcase name="verifyHyperLinksPage" classname="selenium.TestLeafApplication">
    <skipped/>
  </testcase> <!-- verifyHyperLinksPage -->
  <system-out/>
  <testcase name="verifyTablePage" classname="selenium.TestLeafApplication">
    <skipped/>
  </testcase> <!-- verifyTablePage -->
  <system-out/>
  <testcase name="verifyToolTipPage" classname="selenium.TestLeafApplication">
    <skipped/>
  </testcase> <!-- verifyToolTipPage -->
  <system-out/>
  <testcase name="verifyRadioButtonPage" classname="selenium.TestLeafApplication">
    <skipped/>
  </testcase> <!-- verifyRadioButtonPage -->
  <system-out/>
  <testcase name="verifyButtonPage" classname="selenium.TestLeafApplication">
    <skipped/>
  </testcase> <!-- verifyButtonPage -->
  <system-out/>
  <testcase name="verifyAlertPage" classname="selenium.TestLeafApplication">
    <skipped/>
  </testcase> <!-- verifyAlertPage -->
  <system-out/>
  <testcase name="verifyDraggablePage" classname="selenium.TestLeafApplication">
    <skipped/>
  </testcase> <!-- verifyDraggablePage -->
  <system-out/>
  <testcase name="verifyWaitForTextChangePage" classname="selenium.TestLeafApplication">
    <skipped/>
  </testcase> <!-- verifyWaitForTextChangePage -->
  <system-out/>
  <testcase name="verifyWaitToAppearPage" classname="selenium.TestLeafApplication">
    <skipped/>
  </testcase> <!-- verifyWaitToAppearPage -->
  <system-out/>
  <testcase name="verifySelectablePage" classname="selenium.TestLeafApplication">
    <skipped/>
  </testcase> <!-- verifySelectablePage -->
  <system-out/>
  <testcase name="verifySortablePage" classname="selenium.TestLeafApplication">
    <skipped/>
  </testcase> <!-- verifySortablePage -->
  <system-out/>
  <testcase name="verifyMouseHoverPage" classname="selenium.TestLeafApplication">
    <skipped/>
  </testcase> <!-- verifyMouseHoverPage -->
  <system-out/>
  <testcase name="verifyDropdownPage" classname="selenium.TestLeafApplication">
    <skipped/>
  </testcase> <!-- verifyDropdownPage -->
  <system-out/>
  <testcase name="verifyWindowPage" classname="selenium.TestLeafApplication">
    <skipped/>
  </testcase> <!-- verifyWindowPage -->
  <system-out/>
  <testcase name="verifyWaitToDisappearPage" classname="selenium.TestLeafApplication">
    <skipped/>
  </testcase> <!-- verifyWaitToDisappearPage -->
  <system-out/>
  <testcase name="verifyFramePage" classname="selenium.TestLeafApplication">
    <skipped/>
  </testcase> <!-- verifyFramePage -->
  <system-out/>
</testsuite> <!-- selenium.TestLeafApplication -->
