<?xml version="1.0" encoding="UTF-8"?>
<!-- Generated by org.testng.reporters.JUnitReportReporter -->
<testsuite skipped="27" hostname="DESKTOP-R4GCUPT" name="seleniumTestNG.TestLeafApplication" tests="28" failures="0" timestamp="2020-05-02T22:47:15 IST" time="5.639" errors="1">
  <testcase name="beforeMethod" time="5.639" classname="seleniumTestNG.TestLeafApplication">
    <error type="java.lang.NullPointerException">
      <![CDATA[java.lang.NullPointerException
at seleniumTestNG.Utils.takeScreenshot(Utils.java:24)
at seleniumTestNG.Utils.report(Utils.java:39)
at seleniumTestNG.TestLeafApplication.beforeMethod(TestLeafApplication.java:79)
at sun.reflect.NativeMethodAccessorImpl.invoke0(Native Method)
at sun.reflect.NativeMethodAccessorImpl.invoke(Unknown Source)
at sun.reflect.DelegatingMethodAccessorImpl.invoke(Unknown Source)
at java.lang.reflect.Method.invoke(Unknown Source)
at org.testng.internal.MethodInvocationHelper.invokeMethod(MethodInvocationHelper.java:134)
at org.testng.internal.MethodInvocationHelper.invokeMethodConsideringTimeout(MethodInvocationHelper.java:63)
at org.testng.internal.ConfigInvoker.invokeConfigurationMethod(ConfigInvoker.java:348)
at org.testng.internal.ConfigInvoker.invokeConfigurations(ConfigInvoker.java:302)
at org.testng.internal.TestInvoker.runConfigMethods(TestInvoker.java:695)
at org.testng.internal.TestInvoker.invokeMethod(TestInvoker.java:523)
at org.testng.internal.TestInvoker.invokeTestMethod(TestInvoker.java:173)
at org.testng.internal.MethodRunner.runInSequence(MethodRunner.java:46)
at org.testng.internal.TestInvoker$MethodInvocationAgent.invoke(TestInvoker.java:816)
at org.testng.internal.TestInvoker.invokeTestMethods(TestInvoker.java:146)
at org.testng.internal.TestMethodWorker.invokeTestMethods(TestMethodWorker.java:146)
at org.testng.internal.TestMethodWorker.run(TestMethodWorker.java:128)
at java.util.ArrayList.forEach(Unknown Source)
at org.testng.TestRunner.privateRun(TestRunner.java:766)
at org.testng.TestRunner.run(TestRunner.java:587)
at org.testng.SuiteRunner.runTest(SuiteRunner.java:384)
at org.testng.SuiteRunner.runSequentially(SuiteRunner.java:378)
at org.testng.SuiteRunner.privateRun(SuiteRunner.java:337)
at org.testng.SuiteRunner.run(SuiteRunner.java:286)
at org.testng.SuiteRunnerWorker.runSuite(SuiteRunnerWorker.java:53)
at org.testng.SuiteRunnerWorker.run(SuiteRunnerWorker.java:96)
at org.testng.TestNG.runSuitesSequentially(TestNG.java:1187)
at org.testng.TestNG.runSuitesLocally(TestNG.java:1109)
at org.testng.TestNG.runSuites(TestNG.java:1039)
at org.testng.TestNG.run(TestNG.java:1007)
at org.testng.remote.AbstractRemoteTestNG.run(AbstractRemoteTestNG.java:115)
at org.testng.remote.RemoteTestNG.initAndRun(RemoteTestNG.java:251)
at org.testng.remote.RemoteTestNG.main(RemoteTestNG.java:77)
]]>
    </error>
  </testcase> <!-- beforeMethod -->
  <system-out/>
  <testcase name="verifyButtonPage" time="0.000" classname="seleniumTestNG.TestLeafApplication">
    <skipped/>
  </testcase> <!-- verifyButtonPage -->
  <system-out/>
  <testcase name="verifyAutoCompletePage" classname="seleniumTestNG.TestLeafApplication">
    <skipped/>
  </testcase> <!-- verifyAutoCompletePage -->
  <system-out/>
  <testcase name="verifyEdit" classname="seleniumTestNG.TestLeafApplication">
    <skipped/>
  </testcase> <!-- verifyEdit -->
  <system-out/>
  <testcase name="verifyCalendarPage" classname="seleniumTestNG.TestLeafApplication">
    <skipped/>
  </testcase> <!-- verifyCalendarPage -->
  <system-out/>
  <testcase name="verifyAdvanceWebTablePage" classname="seleniumTestNG.TestLeafApplication">
    <skipped/>
  </testcase> <!-- verifyAdvanceWebTablePage -->
  <system-out/>
  <testcase name="verifyDownLoadFilesPage" classname="seleniumTestNG.TestLeafApplication">
    <skipped/>
  </testcase> <!-- verifyDownLoadFilesPage -->
  <system-out/>
  <testcase name="verifyLinks" classname="seleniumTestNG.TestLeafApplication">
    <skipped/>
  </testcase> <!-- verifyLinks -->
  <system-out/>
  <testcase name="verifyCheckBoxPage" classname="seleniumTestNG.TestLeafApplication">
    <skipped/>
  </testcase> <!-- verifyCheckBoxPage -->
  <system-out/>
  <testcase name="verifyImagePage" classname="seleniumTestNG.TestLeafApplication">
    <skipped/>
  </testcase> <!-- verifyImagePage -->
  <system-out/>
  <testcase name="verifyToolTipPage" classname="seleniumTestNG.TestLeafApplication">
    <skipped/>
  </testcase> <!-- verifyToolTipPage -->
  <system-out/>
  <testcase name="verifyHyperLinksPage" classname="seleniumTestNG.TestLeafApplication">
    <skipped/>
  </testcase> <!-- verifyHyperLinksPage -->
  <system-out/>
  <testcase name="verifyUploadFilesPage" classname="seleniumTestNG.TestLeafApplication">
    <skipped/>
  </testcase> <!-- verifyUploadFilesPage -->
  <system-out/>
  <testcase name="verifyDroppablePage" classname="seleniumTestNG.TestLeafApplication">
    <skipped/>
  </testcase> <!-- verifyDroppablePage -->
  <system-out/>
  <testcase name="verifyAlertPage" classname="seleniumTestNG.TestLeafApplication">
    <skipped/>
  </testcase> <!-- verifyAlertPage -->
  <system-out/>
  <testcase name="verifyRadioButtonPage" classname="seleniumTestNG.TestLeafApplication">
    <skipped/>
  </testcase> <!-- verifyRadioButtonPage -->
  <system-out/>
  <testcase name="verifyMouseHoverPage" classname="seleniumTestNG.TestLeafApplication">
    <skipped/>
  </testcase> <!-- verifyMouseHoverPage -->
  <system-out/>
  <testcase name="verifyTablePage" classname="seleniumTestNG.TestLeafApplication">
    <skipped/>
  </testcase> <!-- verifyTablePage -->
  <system-out/>
  <testcase name="verifyWaitForTextChangePage" classname="seleniumTestNG.TestLeafApplication">
    <skipped/>
  </testcase> <!-- verifyWaitForTextChangePage -->
  <system-out/>
  <testcase name="verifyDraggablePage" classname="seleniumTestNG.TestLeafApplication">
    <skipped/>
  </testcase> <!-- verifyDraggablePage -->
  <system-out/>
  <testcase name="verifyWaitForAlertPage" classname="seleniumTestNG.TestLeafApplication">
    <skipped/>
  </testcase> <!-- verifyWaitForAlertPage -->
  <system-out/>
  <testcase name="verifySortablePage" classname="seleniumTestNG.TestLeafApplication">
    <skipped/>
  </testcase> <!-- verifySortablePage -->
  <system-out/>
  <testcase name="verifyWaitToAppearPage" classname="seleniumTestNG.TestLeafApplication">
    <skipped/>
  </testcase> <!-- verifyWaitToAppearPage -->
  <system-out/>
  <testcase name="verifySelectablePage" classname="seleniumTestNG.TestLeafApplication">
    <skipped/>
  </testcase> <!-- verifySelectablePage -->
  <system-out/>
  <testcase name="verifyFramePage" classname="seleniumTestNG.TestLeafApplication">
    <skipped/>
  </testcase> <!-- verifyFramePage -->
  <system-out/>
  <testcase name="verifyWindowPage" classname="seleniumTestNG.TestLeafApplication">
    <skipped/>
  </testcase> <!-- verifyWindowPage -->
  <system-out/>
  <testcase name="verifyWaitToDisappearPage" classname="seleniumTestNG.TestLeafApplication">
    <skipped/>
  </testcase> <!-- verifyWaitToDisappearPage -->
  <system-out/>
  <testcase name="verifyDropdownPage" classname="seleniumTestNG.TestLeafApplication">
    <skipped/>
  </testcase> <!-- verifyDropdownPage -->
  <system-out/>
</testsuite> <!-- seleniumTestNG.TestLeafApplication -->
