<?xml version="1.0" encoding="UTF-8"?>
<!-- Generated by org.testng.reporters.JUnitReportReporter -->
<testsuite skipped="0" hostname="DESKTOP-R4GCUPT" name="seleniumTestNG.Utils" tests="1" failures="0" timestamp="2020-05-03T00:17:42 IST" time="11.030" errors="0">
  <testcase name="sample" time="11.030" classname="seleniumTestNG.Utils"/>
  <system-out/>
</testsuite> <!-- seleniumTestNG.Utils -->
